<?xml version="1.0" encoding="UTF-8"?>
<testng-results ignored="0" total="1" passed="1" failed="0" skipped="0">
  <reporter-output>
  </reporter-output>
  <suite started-at="2023-03-11T12:42:52 IST" name="Default suite" finished-at="2023-03-11T12:43:12 IST" duration-ms="19948">
    <groups>
    </groups>
    <test started-at="2023-03-11T12:42:52 IST" name="Default test" finished-at="2023-03-11T12:43:12 IST" duration-ms="19948">
      <class name="endToEnd.PlaceTheOrder">
        <test-method is-config="true" signature="connectDB()[pri:0, instance:endToEnd.PlaceTheOrder@38c6f217]" started-at="2023-03-11T12:42:52 IST" name="connectDB" finished-at="2023-03-11T12:42:52 IST" duration-ms="5" status="PASS">
          <reporter-output>
          </reporter-output>
        </test-method> <!-- connectDB -->
        <test-method is-config="true" signature="init()[pri:0, instance:endToEnd.PlaceTheOrder@38c6f217]" started-at="2023-03-11T12:42:52 IST" name="init" finished-at="2023-03-11T12:42:56 IST" duration-ms="4801" status="PASS">
          <reporter-output>
          </reporter-output>
        </test-method> <!-- init -->
        <test-method signature="placeTheOrderwithCODPayment()[pri:0, instance:endToEnd.PlaceTheOrder@38c6f217]" started-at="2023-03-11T12:42:56 IST" name="placeTheOrderwithCODPayment" description="Login - Select Item - Add To Cart - CheckOut - Billing Address - Payment as COD - Confirmation Message - Printing the Order Number" finished-at="2023-03-11T12:43:11 IST" duration-ms="14972" status="PASS">
          <reporter-output>
          </reporter-output>
        </test-method> <!-- placeTheOrderwithCODPayment -->
        <test-method is-config="true" signature="tearDown()[pri:0, instance:endToEnd.PlaceTheOrder@38c6f217]" started-at="2023-03-11T12:43:11 IST" name="tearDown" finished-at="2023-03-11T12:43:12 IST" duration-ms="152" status="PASS">
          <reporter-output>
          </reporter-output>
        </test-method> <!-- tearDown -->
        <test-method is-config="true" signature="closeDB()[pri:0, instance:endToEnd.PlaceTheOrder@38c6f217]" started-at="2023-03-11T12:43:12 IST" name="closeDB" finished-at="2023-03-11T12:43:12 IST" duration-ms="0" status="PASS">
          <reporter-output>
          </reporter-output>
        </test-method> <!-- closeDB -->
      </class> <!-- endToEnd.PlaceTheOrder -->
    </test> <!-- Default test -->
  </suite> <!-- Default suite -->
</testng-results>
